{"caller":"/Users/runner/work/wakatime-cli/wakatime-cli/cmd/legacy/heartbeat/heartbeat.go:84","func":"SendHeartbeats","level":"warning","message":"file 'extension-output-etmoffat.pip-packages-#1' does not exist. ignoring this heartbeat","now":"2021-09-08T22:03:29-05:00","version":"v1.26.0"}
{"caller":"/Users/runner/work/wakatime-cli/wakatime-cli/cmd/legacy/heartbeat/heartbeat.go:84","func":"SendHeartbeats","level":"warning","message":"file 'extension-output-etmoffat.pip-packages-#1' does not exist. ignoring this heartbeat","now":"2021-09-08T22:30:43-05:00","version":"v1.26.0"}
{"caller":"/Users/runner/work/wakatime-cli/wakatime-cli/cmd/legacy/run.go:194","func":"runCmd","level":"error","message":"failed to run command: sending heartbeat(s) later due to api error: failed making request to \"https://api.wakatime.com/api/v1/users/current/heartbeats.bulk\": Post \"https://api.wakatime.com/api/v1/users/current/heartbeats.bulk\": read tcp 192.168.25.125:52271->143.244.210.202:443: wsarecv: An existing connection was forcibly closed by the remote host.","now":"2021-09-08T22:36:08-05:00","version":"v1.26.0"}
{"caller":"/Users/runner/work/wakatime-cli/wakatime-cli/cmd/legacy/run.go:194","func":"runCmd","level":"error","message":"failed to run command: sending heartbeat(s) later due to api error: won't send heartbeat due to backoff","now":"2021-09-08T22:36:09-05:00","version":"v1.26.0"}
{"caller":"/Users/runner/work/wakatime-cli/wakatime-cli/cmd/legacy/run.go:194","func":"runCmd","level":"error","message":"failed to run command: sending heartbeat(s) later due to api error: won't send heartbeat due to backoff","now":"2021-09-08T22:36:09-05:00","version":"v1.26.0"}
{"caller":"/Users/runner/work/wakatime-cli/wakatime-cli/cmd/legacy/run.go:194","func":"runCmd","level":"error","message":"failed to run command: sending heartbeat(s) later due to api error: won't send heartbeat due to backoff","now":"2021-09-08T22:36:10-05:00","version":"v1.26.0"}
{"caller":"/Users/runner/work/wakatime-cli/wakatime-cli/cmd/legacy/run.go:194","func":"runCmd","level":"error","message":"failed to run command: sending heartbeat(s) later due to api error: won't send heartbeat due to backoff","now":"2021-09-08T22:36:12-05:00","version":"v1.26.0"}
{"caller":"/Users/runner/work/wakatime-cli/wakatime-cli/cmd/legacy/run.go:194","func":"runCmd","level":"error","message":"failed to run command: sending heartbeat(s) later due to api error: won't send heartbeat due to backoff","now":"2021-09-08T22:36:13-05:00","version":"v1.26.0"}
{"caller":"/Users/runner/work/wakatime-cli/wakatime-cli/cmd/legacy/run.go:194","func":"runCmd","level":"error","message":"failed to run command: sending heartbeat(s) later due to api error: won't send heartbeat due to backoff","now":"2021-09-08T22:36:13-05:00","version":"v1.26.0"}
{"caller":"/Users/runner/work/wakatime-cli/wakatime-cli/cmd/legacy/run.go:194","func":"runCmd","level":"error","message":"failed to run command: sending heartbeat(s) later due to api error: won't send heartbeat due to backoff","now":"2021-09-08T22:36:13-05:00","version":"v1.26.0"}
{"caller":"/Users/runner/work/wakatime-cli/wakatime-cli/cmd/legacy/run.go:194","func":"runCmd","level":"error","message":"failed to run command: sending heartbeat(s) later due to api error: won't send heartbeat due to backoff","now":"2021-09-08T22:36:15-05:00","version":"v1.26.0"}
{"caller":"/Users/runner/work/wakatime-cli/wakatime-cli/cmd/legacy/run.go:194","func":"runCmd","level":"error","message":"failed to run command: sending heartbeat(s) later due to api error: won't send heartbeat due to backoff","now":"2021-09-08T22:36:15-05:00","version":"v1.26.0"}
{"caller":"/Users/runner/work/wakatime-cli/wakatime-cli/cmd/legacy/run.go:194","func":"runCmd","level":"error","message":"failed to run command: sending heartbeat(s) later due to api error: won't send heartbeat due to backoff","now":"2021-09-08T22:36:16-05:00","version":"v1.26.0"}
{"caller":"/Users/runner/work/wakatime-cli/wakatime-cli/cmd/legacy/run.go:194","func":"runCmd","level":"error","message":"failed to run command: sending heartbeat(s) later due to api error: won't send heartbeat due to backoff","now":"2021-09-08T22:36:16-05:00","version":"v1.26.0"}
{"caller":"/Users/runner/work/wakatime-cli/wakatime-cli/cmd/legacy/run.go:194","func":"runCmd","level":"error","message":"failed to run command: sending heartbeat(s) later due to api error: won't send heartbeat due to backoff","now":"2021-09-08T22:36:17-05:00","version":"v1.26.0"}
{"caller":"/Users/runner/work/wakatime-cli/wakatime-cli/cmd/legacy/run.go:194","func":"runCmd","level":"error","message":"failed to run command: sending heartbeat(s) later due to api error: won't send heartbeat due to backoff","now":"2021-09-08T22:36:17-05:00","version":"v1.26.0"}
{"caller":"/Users/runner/work/wakatime-cli/wakatime-cli/cmd/legacy/run.go:194","func":"runCmd","level":"error","message":"failed to run command: sending heartbeat(s) later due to api error: won't send heartbeat due to backoff","now":"2021-09-08T22:36:17-05:00","version":"v1.26.0"}
{"caller":"/Users/runner/work/wakatime-cli/wakatime-cli/cmd/legacy/run.go:194","func":"runCmd","level":"error","message":"failed to run command: sending heartbeat(s) later due to api error: won't send heartbeat due to backoff","now":"2021-09-08T22:36:17-05:00","version":"v1.26.0"}
{"caller":"/home/runner/work/wakatime-cli/wakatime-cli/cmd/legacy/heartbeat/heartbeat.go:84","func":"SendHeartbeats","level":"warning","message":"file 'extension-output-etmoffat.pip-packages-#1' does not exist. ignoring this heartbeat","now":"2021-10-03T21:34:10-05:00","version":"v1.27.0"}
{"caller":"/home/runner/work/wakatime-cli/wakatime-cli/cmd/legacy/heartbeat/heartbeat.go:84","func":"SendHeartbeats","level":"warning","message":"file 'c:\\Users\\John\\kenzie-academy\\q4\\ghostpost-cooksta120021\\templates\\login.html' does not exist. ignoring this heartbeat","now":"2021-10-03T21:53:47-05:00","version":"v1.27.0"}
{"caller":"/home/runner/work/wakatime-cli/wakatime-cli/cmd/legacy/heartbeat/heartbeat.go:84","func":"SendHeartbeats","level":"warning","message":"file 'extension-output-etmoffat.pip-packages-#1' does not exist. ignoring this heartbeat","now":"2021-10-03T23:04:06-05:00","version":"v1.27.0"}
{"caller":"/home/runner/work/wakatime-cli/wakatime-cli/cmd/legacy/heartbeat/heartbeat.go:84","func":"SendHeartbeats","level":"warning","message":"file 'extension-output-etmoffat.pip-packages-#1' does not exist. ignoring this heartbeat","now":"2021-10-25T23:45:53-05:00","version":"v1.27.0"}
{"caller":"/home/runner/work/wakatime-cli/wakatime-cli/cmd/legacy/heartbeat/heartbeat.go:84","func":"SendHeartbeats","level":"warning","message":"file 'extension-output-etmoffat.pip-packages-#1' does not exist. ignoring this heartbeat","now":"2021-10-26T00:27:34-05:00","version":"v1.27.0"}
{"caller":"/home/runner/work/wakatime-cli/wakatime-cli/cmd/legacy/heartbeat/heartbeat.go:84","func":"SendHeartbeats","level":"warning","message":"file 'extension-output-etmoffat.pip-packages-#1' does not exist. ignoring this heartbeat","now":"2021-10-26T00:27:34-05:00","version":"v1.27.0"}
